
  .   ____          _            __ _ _
 /\\ / ___'_ __ _ _(_)_ __  __ _ \ \ \ \
( ( )\___ | '_ | '_| | '_ \/ _` | \ \ \ \
 \\/  ___)| |_)| | | | | || (_| |  ) ) ) )
  '  |____| .__|_| |_|_| |_\__, | / / / /
 =========|_|==============|___/=/_/_/_/
 :: Spring Boot ::        (v2.2.6.RELEASE)

2021-11-25 16:58:03.519  WARN 37126 --- [           main] o.s.boot.StartupInfoLogger               : InetAddress.getLocalHost().getHostName() took 5007 milliseconds to respond. Please verify your network configuration (macOS machines may need to add entries to /etc/hosts).
2021-11-25 16:58:08.539  INFO 37126 --- [           main] com.aliyun.dingtalk.Application          : Starting Application on B-5V6QJ1WL-2011.local with PID 37126 (/Users/nannanness/IdeaProjectsV2/dingtalkfinance-demo/dingtalkfinance.jar started by nannanness in /Users/nannanness/IdeaProjectsV2/dingtalkfinance-demo)
2021-11-25 16:58:08.541  INFO 37126 --- [           main] com.aliyun.dingtalk.Application          : No active profile set, falling back to default profiles: default
2021-11-25 16:58:15.842  INFO 37126 --- [           main] o.s.b.w.embedded.tomcat.TomcatWebServer  : Tomcat initialized with port(s): 8081 (http)
2021-11-25 16:58:15.888  INFO 37126 --- [           main] o.apache.catalina.core.StandardService   : Starting service [Tomcat]
2021-11-25 16:58:15.889  INFO 37126 --- [           main] org.apache.catalina.core.StandardEngine  : Starting Servlet engine: [Apache Tomcat/9.0.33]
2021-11-25 16:58:16.179  INFO 37126 --- [           main] o.a.c.c.C.[Tomcat].[localhost].[/]       : Initializing Spring embedded WebApplicationContext
2021-11-25 16:58:16.184  INFO 37126 --- [           main] o.s.web.context.ContextLoader            : Root WebApplicationContext: initialization completed in 7322 ms
2021-11-25 16:58:16.887  INFO 37126 --- [           main] o.s.s.concurrent.ThreadPoolTaskExecutor  : Initializing ExecutorService 'applicationTaskExecutor'
2021-11-25 16:58:17.307  INFO 37126 --- [           main] o.s.b.a.w.s.WelcomePageHandlerMapping    : Adding welcome page: class path resource [static/index.html]
2021-11-25 16:58:17.870  INFO 37126 --- [           main] o.s.b.w.embedded.tomcat.TomcatWebServer  : Tomcat started on port(s): 8081 (http) with context path ''
2021-11-25 16:58:17.876  INFO 37126 --- [           main] com.aliyun.dingtalk.Application          : Started Application in 26.716 seconds (JVM running for 27.895)
2021-11-25 16:59:00.070  INFO 37126 --- [nio-8081-exec-1] o.a.c.c.C.[Tomcat].[localhost].[/]       : Initializing Spring DispatcherServlet 'dispatcherServlet'
2021-11-25 16:59:00.074  INFO 37126 --- [nio-8081-exec-1] o.s.web.servlet.DispatcherServlet        : Initializing Servlet 'dispatcherServlet'
2021-11-25 16:59:00.124  INFO 37126 --- [nio-8081-exec-1] o.s.web.servlet.DispatcherServlet        : Completed initialization in 49 ms
code: callAlipayFail, msg: code: 500, 调用支付宝异常 request id: 4D5FBAD5-3B53-7AB5-A114-818F6FB62E91
同步支付 1：{"amount":"0.01","chargeAmount":"0","corpId":"ding9f50b15bccd16741","gmtTradeCreate":"2021-11-25T09:01:49.000Z","gmtTradeFinish":"2021-11-25T09:01:49.000Z","merchantName":"食堂","payChannelDetailList":[{"amount":"0.01","fundToolDetailList":[{"amount":"0.01","extInfo":"","fundToolName":"数字食堂余额","gmtCreate":"2021-10-29 12:11:24","gmtFinish":"2021-10-29 12:11:24","promotionFundTool":false}],"payChannelName":"数字食堂余额","payChannelOrderNo":"37164671863227444","payChannelType":"BALANCE","promotionAmount":"0.00"}],"payCode":"259239127962630683-V0dbxwt26hmtn5il26","promotionAmount":"0","remark":"钉钉支付码","title":"米饭","tradeNo":"2021102612112383609613ecf6b2e444","tradeStatus":"SUCCESS","userId":"01186053144726141594"}
同步支付 2：{"amount":"0.01","chargeAmount":"0","corpId":"ding9f50b15bccd16741","gmtTradeCreate":"2021-11-25 17:01:49","gmtTradeFinish":"2021-11-25 17:01:49","merchantName":"食堂","payChannelDetailList":[{"amount":"0.01","fundToolDetailList":[{"amount":"0.01","extInfo":"","fundToolName":"数字食堂余额","gmtCreate":"2021-10-29 12:11:24","gmtFinish":"2021-10-29 12:11:24","promotionFundTool":false}],"payChannelName":"数字食堂余额","payChannelOrderNo":"37164671863227444","payChannelType":"BALANCE","promotionAmount":"0.00"}],"payCode":"259239127962630683-V0dbxwt26hmtn5il26","promotionAmount":"0","remark":"钉钉支付码","title":"米饭","tradeNo":"2021102612112383609613ecf6b2e444","tradeStatus":"SUCCESS","userId":"01186053144726141594"}
同步退款：{"corpId":"ding9f50b15bccd16741","gmtRefund":"2021-11-25T09:02:16.000Z","payChannelDetailList":[{"amount":"0.01","fundToolDetailList":[{"amount":"0.01","extInfo":"","fundToolName":"数字食堂余额","gmtCreate":"2021-10-29 12:11:24","gmtFinish":"2021-10-29 12:11:24","promotionFundTool":false}],"payChannelName":"数字食堂余额","payChannelOrderNo":"37164671863227444","payChannelRefundOrderNo":"37164671863227444","payChannelType":"BALANCE","promotionAmount":"0.00"}],"payCode":"259239127962630683-V0dbxwt26hmtn5il26","refundAmount":"0.01","refundOrderNo":"2021102612112383609613ecf6b2e444","refundPromotionAmount":"0.00","remark":"钉钉退款","tradeNo":"2021102612112383609613ecf6b2e444","userId":"01186053144726141594"}
2021-11-25 17:10:07.553  INFO 37126 --- [extShutdownHook] o.s.s.concurrent.ThreadPoolTaskExecutor  : Shutting down ExecutorService 'applicationTaskExecutor'
